2021-04-07 17:49:05,513 [INFO] Activator:170 - 


2021-04-07 17:49:05,517 [INFO] Activator:171 - !SESSION log4j initialized
2021-04-08 09:43:34,035 [INFO] Activator:170 - 


2021-04-08 09:43:34,039 [INFO] Activator:171 - !SESSION log4j initialized
2021-04-08 09:43:57,740 [INFO] McuFinderGlobals:40 - Set McuFinder mode to 2 (CubeIDE integrated)
2021-04-08 09:43:57,893 [INFO] ApplicationProperties:181 - Using Application install path: C:\ST\STM32CubeIDE_1.5.1\STM32CubeIDE\plugins\com.st.stm32cube.common.mx_6.1.1.202012091304
2021-04-08 09:43:57,904 [INFO] DbMcusXml:71 - Set database path to: C:\ST\STM32CubeIDE_1.5.1\STM32CubeIDE\plugins\com.st.stm32cube.common.mx_6.1.1.202012091304\\db\/mcu/
2021-04-08 09:43:57,907 [INFO] DbBoardsPdsc:57 - Set plugin database path to: C:\ST\STM32CubeIDE_1.5.1\STM32CubeIDE\plugins\com.st.stm32cube.common.mx_6.1.1.202012091304\\db\/plugins/boardmanager/
2021-04-08 09:43:57,907 [INFO] DbMcus:259 - Set plugin images path to: C:\ST\STM32CubeIDE_1.5.1\STM32CubeIDE\plugins\com.st.stm32cube.common.mx_6.1.1.202012091304\\db\/plugins/mcufinder/images/
2021-04-08 09:43:57,908 [INFO] DbBoards:265 - Set plugin images path to: C:\ST\STM32CubeIDE_1.5.1\STM32CubeIDE\plugins\com.st.stm32cube.common.mx_6.1.1.202012091304\\db\/plugins/mcufinder/images/
2021-04-08 09:43:57,910 [INFO] DbExamples:329 - Set plugin images path to: C:\ST\STM32CubeIDE_1.5.1\STM32CubeIDE\plugins\com.st.stm32cube.common.mx_6.1.1.202012091304\\db\/plugins/mcufinder/images/
2021-04-08 09:43:57,920 [INFO] DbMcusDocs:112 - Set database path to: C:\Users\supha\.stmcufinder\plugins\mcufinder//mcu/
2021-04-08 09:43:57,921 [INFO] DbMcusJson:63 - Set database path to: C:\Users\supha\.stmcufinder\plugins\mcufinder//mcu/
2021-04-08 09:43:57,922 [INFO] DbBoardsDocs:112 - Set database path to: C:\Users\supha\.stmcufinder\plugins\mcufinder//mcu/
2021-04-08 09:43:57,923 [INFO] DbBoardsJson:56 - Set database path to: C:\Users\supha\.stmcufinder\plugins\mcufinder//mcu/
2021-04-08 09:43:58,275 [INFO] CrossReferenceDbSqlite:196 - Set database path to: C:\Users\supha\.stmcufinder\plugins\mcufinder//mcu/cs/
2021-04-08 09:43:58,277 [INFO] DbExamplesSqlite:699 - Set database path to: C:\Users\supha\.stmcufinder\plugins\mcufinder//mcu/
2021-04-08 09:43:58,378 [INFO] RulesReader:52 - Compatibility file has been processed (228 Rules)
2021-04-08 09:43:58,470 [INFO] MicroXplorer:565 - Detected Java Version = 1.8.0_272
2021-04-08 09:43:58,470 [INFO] DbMcusXml:71 - Set database path to: C:\ST\STM32CubeIDE_1.5.1\STM32CubeIDE\plugins\com.st.stm32cube.common.mx_6.1.1.202012091304\\db\/mcu/
2021-04-08 09:43:58,471 [INFO] DbBoardsPdsc:57 - Set plugin database path to: C:\ST\STM32CubeIDE_1.5.1\STM32CubeIDE\plugins\com.st.stm32cube.common.mx_6.1.1.202012091304\\db\/plugins/boardmanager/
2021-04-08 09:43:58,471 [INFO] DbMcus:259 - Set plugin images path to: C:\ST\STM32CubeIDE_1.5.1\STM32CubeIDE\plugins\com.st.stm32cube.common.mx_6.1.1.202012091304\\db\/plugins/mcufinder/images/
2021-04-08 09:43:58,471 [INFO] DbBoards:265 - Set plugin images path to: C:\ST\STM32CubeIDE_1.5.1\STM32CubeIDE\plugins\com.st.stm32cube.common.mx_6.1.1.202012091304\\db\/plugins/mcufinder/images/
2021-04-08 09:43:58,472 [INFO] DbExamples:329 - Set plugin images path to: C:\ST\STM32CubeIDE_1.5.1\STM32CubeIDE\plugins\com.st.stm32cube.common.mx_6.1.1.202012091304\\db\/plugins/mcufinder/images/
2021-04-08 09:43:58,472 [WARN] DbFile:36 - Overriding database path with different value: C:\Users\supha\.stmcufinder\plugins\mcufinder/ => C:\Users\supha\.stmcufinder\plugins\mcufinder
2021-04-08 09:43:58,472 [INFO] DbMcusDocs:112 - Set database path to: C:\Users\supha\.stmcufinder\plugins\mcufinder//mcu/
2021-04-08 09:43:58,472 [WARN] DbFile:36 - Overriding database path with different value: C:\Users\supha\.stmcufinder\plugins\mcufinder/ => C:\Users\supha\.stmcufinder\plugins\mcufinder
2021-04-08 09:43:58,472 [INFO] DbMcusJson:63 - Set database path to: C:\Users\supha\.stmcufinder\plugins\mcufinder//mcu/
2021-04-08 09:43:58,472 [WARN] DbFile:36 - Overriding database path with different value: C:\Users\supha\.stmcufinder\plugins\mcufinder/ => C:\Users\supha\.stmcufinder\plugins\mcufinder
2021-04-08 09:43:58,472 [INFO] DbBoardsDocs:112 - Set database path to: C:\Users\supha\.stmcufinder\plugins\mcufinder//mcu/
2021-04-08 09:43:58,472 [WARN] DbFile:36 - Overriding database path with different value: C:\Users\supha\.stmcufinder\plugins\mcufinder/ => C:\Users\supha\.stmcufinder\plugins\mcufinder
2021-04-08 09:43:58,473 [INFO] DbBoardsJson:56 - Set database path to: C:\Users\supha\.stmcufinder\plugins\mcufinder//mcu/
2021-04-08 09:43:58,473 [WARN] DbFile:36 - Overriding database path with different value: C:\Users\supha\.stmcufinder\plugins\mcufinder/ => C:\Users\supha\.stmcufinder\plugins\mcufinder
2021-04-08 09:43:58,473 [WARN] DbFile:36 - Overriding database path with different value: C:\Users\supha\.stmcufinder\plugins\mcufinder/ => C:\Users\supha\.stmcufinder\plugins\mcufinder
2021-04-08 09:43:58,473 [INFO] CrossReferenceDbSqlite:196 - Set database path to: C:\Users\supha\.stmcufinder\plugins\mcufinder//mcu/cs/
2021-04-08 09:43:58,473 [WARN] DbFile:36 - Overriding database path with different value: C:\Users\supha\.stmcufinder\plugins\mcufinder/ => C:\Users\supha\.stmcufinder\plugins\mcufinder
2021-04-08 09:43:58,473 [INFO] DbExamplesSqlite:699 - Set database path to: C:\Users\supha\.stmcufinder\plugins\mcufinder//mcu/
2021-04-08 09:43:58,544 [INFO] MainPanel:190 - HeapMemory: 268435456
2021-04-08 09:43:58,691 [INFO] DbMcusXml:71 - Set database path to: C:\ST\STM32CubeIDE_1.5.1\STM32CubeIDE\plugins\com.st.stm32cube.common.mx_6.1.1.202012091304\\db\/mcu/
2021-04-08 09:43:58,692 [INFO] DbBoardsPdsc:57 - Set plugin database path to: C:\ST\STM32CubeIDE_1.5.1\STM32CubeIDE\plugins\com.st.stm32cube.common.mx_6.1.1.202012091304\\db\/plugins/boardmanager/
2021-04-08 09:43:58,692 [INFO] DbMcus:259 - Set plugin images path to: C:\ST\STM32CubeIDE_1.5.1\STM32CubeIDE\plugins\com.st.stm32cube.common.mx_6.1.1.202012091304\\db\/plugins/mcufinder/images/
2021-04-08 09:43:58,692 [INFO] DbBoards:265 - Set plugin images path to: C:\ST\STM32CubeIDE_1.5.1\STM32CubeIDE\plugins\com.st.stm32cube.common.mx_6.1.1.202012091304\\db\/plugins/mcufinder/images/
2021-04-08 09:43:58,692 [INFO] DbExamples:329 - Set plugin images path to: C:\ST\STM32CubeIDE_1.5.1\STM32CubeIDE\plugins\com.st.stm32cube.common.mx_6.1.1.202012091304\\db\/plugins/mcufinder/images/
2021-04-08 09:43:58,693 [WARN] DbFile:36 - Overriding database path with different value: C:\Users\supha\.stmcufinder\plugins\mcufinder/ => C:\Users\supha\.stmcufinder\plugins\mcufinder
2021-04-08 09:43:58,694 [INFO] DbMcusDocs:112 - Set database path to: C:\Users\supha\.stmcufinder\plugins\mcufinder//mcu/
2021-04-08 09:43:58,694 [WARN] DbFile:36 - Overriding database path with different value: C:\Users\supha\.stmcufinder\plugins\mcufinder/ => C:\Users\supha\.stmcufinder\plugins\mcufinder
2021-04-08 09:43:58,694 [INFO] DbMcusJson:63 - Set database path to: C:\Users\supha\.stmcufinder\plugins\mcufinder//mcu/
2021-04-08 09:43:58,694 [WARN] DbFile:36 - Overriding database path with different value: C:\Users\supha\.stmcufinder\plugins\mcufinder/ => C:\Users\supha\.stmcufinder\plugins\mcufinder
2021-04-08 09:43:58,694 [INFO] DbBoardsDocs:112 - Set database path to: C:\Users\supha\.stmcufinder\plugins\mcufinder//mcu/
2021-04-08 09:43:58,695 [WARN] DbFile:36 - Overriding database path with different value: C:\Users\supha\.stmcufinder\plugins\mcufinder/ => C:\Users\supha\.stmcufinder\plugins\mcufinder
2021-04-08 09:43:58,695 [INFO] DbBoardsJson:56 - Set database path to: C:\Users\supha\.stmcufinder\plugins\mcufinder//mcu/
2021-04-08 09:43:58,695 [WARN] DbFile:36 - Overriding database path with different value: C:\Users\supha\.stmcufinder\plugins\mcufinder/ => C:\Users\supha\.stmcufinder\plugins\mcufinder
2021-04-08 09:43:58,695 [WARN] DbFile:36 - Overriding database path with different value: C:\Users\supha\.stmcufinder\plugins\mcufinder/ => C:\Users\supha\.stmcufinder\plugins\mcufinder
2021-04-08 09:43:58,695 [INFO] CrossReferenceDbSqlite:196 - Set database path to: C:\Users\supha\.stmcufinder\plugins\mcufinder//mcu/cs/
2021-04-08 09:43:58,696 [WARN] DbFile:36 - Overriding database path with different value: C:\Users\supha\.stmcufinder\plugins\mcufinder/ => C:\Users\supha\.stmcufinder\plugins\mcufinder
2021-04-08 09:43:58,696 [INFO] DbExamplesSqlite:699 - Set database path to: C:\Users\supha\.stmcufinder\plugins\mcufinder//mcu/
2021-04-08 09:43:58,729 [INFO] ApplicationProperties:181 - Using Application install path: C:\ST\STM32CubeIDE_1.5.1\STM32CubeIDE\plugins\com.st.stm32cube.common.mx_6.1.1.202012091304
2021-04-08 09:43:58,731 [INFO] PluginManage:178 - Search for loadable plugins [exclusion list=, ]
2021-04-08 09:43:58,732 [INFO] PluginManage:292 - Check plugin analytics
2021-04-08 09:43:58,911 [INFO] AnalyticsPlugin:225 - Accepted Software Licenses: 
2021-04-08 09:43:58,912 [INFO] AnalyticsPlugin:227 - Accepted CMSIS Pack Licenses: 
2021-04-08 09:43:58,913 [INFO] AnalyticsPlugin:229 - Accepted Firmware Licenses: 
2021-04-08 09:43:58,913 [INFO] PluginManage:342 - Loaded plugin analytics (category:tool,tabindex:-1)
2021-04-08 09:43:58,914 [INFO] PluginManage:292 - Check plugin clock
2021-04-08 09:43:58,929 [INFO] PluginManage:342 - Loaded plugin clock (category:base,tabindex:2)
2021-04-08 09:43:58,929 [INFO] PluginManage:292 - Check plugin ddr
2021-04-08 09:43:58,932 [INFO] PluginManage:342 - Loaded plugin ddr (category:tool,tabindex:6)
2021-04-08 09:43:58,932 [INFO] PluginManage:292 - Check plugin filemanager
2021-04-08 09:43:59,044 [INFO] PluginManage:342 - Loaded plugin filemanager (category:base,tabindex:10)
2021-04-08 09:43:59,044 [INFO] PluginManage:292 - Check plugin ipmanager
2021-04-08 09:43:59,051 [INFO] PluginManage:342 - Loaded plugin ipmanager (category:base,tabindex:5)
2021-04-08 09:43:59,051 [INFO] PluginManage:292 - Check plugin pinoutandconfiguration
2021-04-08 09:43:59,060 [INFO] PluginManage:342 - Loaded plugin pinoutandconfiguration (category:base,tabindex:1)
2021-04-08 09:43:59,061 [INFO] PluginManage:292 - Check plugin pinoutconfig
2021-04-08 09:43:59,083 [INFO] PluginManage:342 - Loaded plugin pinoutconfig (category:base,tabindex:0)
2021-04-08 09:43:59,083 [INFO] PluginManage:292 - Check plugin power
2021-04-08 09:43:59,095 [INFO] PluginManage:342 - Loaded plugin power (category:power,tabindex:4)
2021-04-08 09:43:59,096 [INFO] PluginManage:292 - Check plugin projectmanager
2021-04-08 09:43:59,111 [INFO] PluginManage:342 - Loaded plugin projectmanager (category:projectmanager,tabindex:3)
2021-04-08 09:43:59,111 [INFO] PluginManage:292 - Check plugin thirdparty
2021-04-08 09:43:59,221 [INFO] PluginManage:342 - Loaded plugin thirdparty (category:base,tabindex:-1)
2021-04-08 09:43:59,221 [WARN] IntegrityCheckThread:59 - waiting for thirdparty lock release [integrity check]
2021-04-08 09:43:59,222 [INFO] IntegrityCheckThread:61 - entering critical section [integrity check]
2021-04-08 09:43:59,221 [INFO] PluginManage:292 - Check plugin tools
2021-04-08 09:43:59,222 [INFO] ThirdPartyUpdaterWithRetryManager:56 - Updater plugin not ready yet. [1/15]
2021-04-08 09:43:59,225 [INFO] PluginManage:342 - Loaded plugin tools (category:base,tabindex:7)
2021-04-08 09:43:59,225 [INFO] PluginManage:292 - Check plugin tutovideos
2021-04-08 09:43:59,425 [INFO] PluginManage:342 - Loaded plugin tutovideos (category:base,tabindex:-1)
2021-04-08 09:43:59,425 [INFO] PluginManage:292 - Check plugin updater
2021-04-08 09:43:59,436 [INFO] PluginManage:342 - Loaded plugin updater (category:base,tabindex:12)
2021-04-08 09:43:59,440 [INFO] PluginManage:265 - PluginManage : Loaded plugins [13]
2021-04-08 09:43:59,588 [INFO] PinOutPanel:1434 - setPackage(No Configuration,No Configuration)
2021-04-08 09:43:59,674 [INFO] IPUIPlugin:64 - create IPUIPlugin
2021-04-08 09:43:59,674 [INFO] PluginManager:203 - loadIPPluginJar : add adc
2021-04-08 09:43:59,682 [INFO] IPUIPlugin:64 - create IPUIPlugin
2021-04-08 09:43:59,682 [INFO] PluginManager:203 - loadIPPluginJar : add aes
2021-04-08 09:43:59,684 [INFO] IPUIPlugin:64 - create IPUIPlugin
2021-04-08 09:43:59,685 [INFO] PluginManager:203 - loadIPPluginJar : add can
2021-04-08 09:43:59,687 [INFO] IPUIPlugin:64 - create IPUIPlugin
2021-04-08 09:43:59,687 [INFO] PluginManager:203 - loadIPPluginJar : add comp
2021-04-08 09:43:59,689 [INFO] IPUIPlugin:64 - create IPUIPlugin
2021-04-08 09:43:59,689 [INFO] PluginManager:203 - loadIPPluginJar : add cryp
2021-04-08 09:43:59,692 [INFO] IPUIPlugin:64 - create IPUIPlugin
2021-04-08 09:43:59,692 [INFO] PluginManager:203 - loadIPPluginJar : add dfsdm
2021-04-08 09:43:59,697 [INFO] IPUIPlugin:64 - create IPUIPlugin
2021-04-08 09:43:59,698 [INFO] PluginManager:203 - loadIPPluginJar : add dma
2021-04-08 09:43:59,700 [INFO] IPUIPlugin:64 - create IPUIPlugin
2021-04-08 09:43:59,700 [INFO] PluginManager:203 - loadIPPluginJar : add fatfs
2021-04-08 09:43:59,704 [INFO] IPUIPlugin:64 - create IPUIPlugin
2021-04-08 09:43:59,704 [INFO] PluginManager:203 - loadIPPluginJar : add fmc
2021-04-08 09:43:59,710 [INFO] IPUIPlugin:64 - create IPUIPlugin
2021-04-08 09:43:59,711 [INFO] PluginManager:203 - loadIPPluginJar : add freertos
2021-04-08 09:43:59,712 [INFO] IPUIPlugin:64 - create IPUIPlugin
2021-04-08 09:43:59,713 [INFO] PluginManager:203 - loadIPPluginJar : add genericplugin
2021-04-08 09:43:59,715 [INFO] IPUIPlugin:64 - create IPUIPlugin
2021-04-08 09:43:59,715 [INFO] PluginManager:203 - loadIPPluginJar : add gfxmmu
2021-04-08 09:43:59,720 [INFO] IPUIPlugin:64 - create IPUIPlugin
2021-04-08 09:43:59,720 [INFO] PluginManager:203 - loadIPPluginJar : add gic
2021-04-08 09:43:59,724 [INFO] IPUIPlugin:64 - create IPUIPlugin
2021-04-08 09:43:59,725 [INFO] PluginManager:203 - loadIPPluginJar : add gpio
2021-04-08 09:43:59,727 [INFO] IPUIPlugin:64 - create IPUIPlugin
2021-04-08 09:43:59,727 [INFO] PluginManager:203 - loadIPPluginJar : add gtzc
2021-04-08 09:43:59,730 [INFO] IPUIPlugin:64 - create IPUIPlugin
2021-04-08 09:43:59,730 [INFO] PluginManager:203 - loadIPPluginJar : add hash
2021-04-08 09:43:59,733 [INFO] IPUIPlugin:64 - create IPUIPlugin
2021-04-08 09:43:59,733 [INFO] PluginManager:203 - loadIPPluginJar : add i2c
2021-04-08 09:43:59,736 [INFO] IPUIPlugin:64 - create IPUIPlugin
2021-04-08 09:43:59,736 [INFO] PluginManager:203 - loadIPPluginJar : add i2s
2021-04-08 09:43:59,739 [INFO] IPUIPlugin:64 - create IPUIPlugin
2021-04-08 09:43:59,739 [INFO] PluginManager:203 - loadIPPluginJar : add ipddr
2021-04-08 09:43:59,742 [INFO] IPUIPlugin:64 - create IPUIPlugin
2021-04-08 09:43:59,742 [INFO] PluginManager:203 - loadIPPluginJar : add lorawan
2021-04-08 09:43:59,744 [INFO] IPUIPlugin:64 - create IPUIPlugin
2021-04-08 09:43:59,744 [INFO] PluginManager:203 - loadIPPluginJar : add ltdc
2021-04-08 09:43:59,748 [INFO] IPUIPlugin:64 - create IPUIPlugin
2021-04-08 09:43:59,748 [INFO] PluginManager:203 - loadIPPluginJar : add mdma
2021-04-08 09:43:59,752 [INFO] IPUIPlugin:64 - create IPUIPlugin
2021-04-08 09:43:59,752 [INFO] PluginManager:203 - loadIPPluginJar : add nvic
2021-04-08 09:43:59,755 [INFO] IPUIPlugin:64 - create IPUIPlugin
2021-04-08 09:43:59,755 [INFO] PluginManager:203 - loadIPPluginJar : add opamp
2021-04-08 09:43:59,762 [INFO] IPUIPlugin:64 - create IPUIPlugin
2021-04-08 09:43:59,763 [INFO] PluginManager:203 - loadIPPluginJar : add openamp
2021-04-08 09:43:59,766 [INFO] IPUIPlugin:64 - create IPUIPlugin
2021-04-08 09:43:59,766 [INFO] PluginManager:203 - loadIPPluginJar : add pdm2pcm
2021-04-08 09:43:59,772 [INFO] IPUIPlugin:64 - create IPUIPlugin
2021-04-08 09:43:59,775 [INFO] PluginManager:203 - loadIPPluginJar : add plateformsettings
2021-04-08 09:43:59,777 [INFO] IPUIPlugin:64 - create IPUIPlugin
2021-04-08 09:43:59,777 [INFO] PluginManager:203 - loadIPPluginJar : add quadspi
2021-04-08 09:43:59,781 [INFO] IPUIPlugin:64 - create IPUIPlugin
2021-04-08 09:43:59,781 [INFO] PluginManager:203 - loadIPPluginJar : add resmgrutility
2021-04-08 09:43:59,784 [INFO] IPUIPlugin:64 - create IPUIPlugin
2021-04-08 09:43:59,785 [INFO] PluginManager:203 - loadIPPluginJar : add sai
2021-04-08 09:43:59,787 [INFO] IPUIPlugin:64 - create IPUIPlugin
2021-04-08 09:43:59,788 [INFO] PluginManager:203 - loadIPPluginJar : add spi
2021-04-08 09:43:59,791 [INFO] IPUIPlugin:64 - create IPUIPlugin
2021-04-08 09:43:59,792 [INFO] PluginManager:203 - loadIPPluginJar : add stm32_wpan
2021-04-08 09:43:59,794 [INFO] IPUIPlugin:64 - create IPUIPlugin
2021-04-08 09:43:59,795 [INFO] PluginManager:203 - loadIPPluginJar : add tim
2021-04-08 09:43:59,798 [INFO] IPUIPlugin:64 - create IPUIPlugin
2021-04-08 09:43:59,798 [INFO] PluginManager:203 - loadIPPluginJar : add touchsensing
2021-04-08 09:43:59,800 [INFO] IPUIPlugin:64 - create IPUIPlugin
2021-04-08 09:43:59,800 [INFO] PluginManager:203 - loadIPPluginJar : add tracer_emb
2021-04-08 09:43:59,802 [INFO] IPUIPlugin:64 - create IPUIPlugin
2021-04-08 09:43:59,803 [INFO] PluginManager:203 - loadIPPluginJar : add ts
2021-04-08 09:43:59,805 [INFO] IPUIPlugin:64 - create IPUIPlugin
2021-04-08 09:43:59,805 [INFO] PluginManager:203 - loadIPPluginJar : add tsc
2021-04-08 09:43:59,807 [INFO] IPUIPlugin:64 - create IPUIPlugin
2021-04-08 09:43:59,807 [INFO] PluginManager:203 - loadIPPluginJar : add ucpd
2021-04-08 09:43:59,810 [INFO] IPUIPlugin:64 - create IPUIPlugin
2021-04-08 09:43:59,811 [INFO] PluginManager:203 - loadIPPluginJar : add usart
2021-04-08 09:44:00,077 [FATAL] Updater:284 - Updater called before beeing initialized
2021-04-08 09:44:00,170 [FATAL] Updater:284 - Updater called before beeing initialized
2021-04-08 09:44:00,217 [WARN] DetailPanel:347 - Failed to get advertising image, set to default
2021-04-08 09:44:00,218 [FATAL] Updater:284 - Updater called before beeing initialized
2021-04-08 09:44:00,218 [WARN] DetailPanel:347 - Failed to get advertising image, set to default
2021-04-08 09:44:00,258 [FATAL] Updater:284 - Updater called before beeing initialized
2021-04-08 09:44:00,258 [WARN] ThirdParty:783 - waiting for thirdparty lock release [close project]
2021-04-08 09:44:02,226 [INFO] ThirdPartyUpdaterWithRetryManager:56 - Updater plugin not ready yet. [2/15]
2021-04-08 09:44:05,236 [FATAL] Updater:284 - Updater called before beeing initialized
2021-04-08 09:44:05,236 [ERROR] AbstractThirdPartyUpdaterManager:153 - java.lang.Integer cannot be cast to java.util.List
2021-04-08 09:44:05,236 [INFO] ThirdParty:887 - Integrity check success = false
2021-04-08 09:44:05,236 [INFO] IntegrityCheckThread:75 - exiting critical section [integrity check]
2021-04-08 09:44:05,236 [INFO] IntegrityCheckThread:78 - End integrity checks thread
2021-04-08 09:44:05,237 [INFO] ThirdParty:785 - entering critical section [close project]
2021-04-08 09:44:05,238 [INFO] ThirdParty:796 - exiting critical section [close project]
2021-04-08 09:44:05,240 [INFO] PinOutPanel:1434 - setPackage(No Configuration,No Configuration)
2021-04-08 09:44:05,241 [FATAL] Updater:284 - Updater called before beeing initialized
2021-04-08 09:44:05,247 [ERROR] Updater:1065 - MainUpdater not yet initialized. External WinMGr cannot be set.
2021-04-08 09:44:05,249 [INFO] Updater:1002 - Updater Version found : 6.1.1
2021-04-08 09:44:05,266 [INFO] ApplicationProperties:181 - Using Application install path: C:\ST\STM32CubeIDE_1.5.1\STM32CubeIDE\plugins\com.st.stm32cube.common.mx_6.1.1.202012091304
2021-04-08 09:44:05,450 [INFO] MainUpdater:2644 - connection check result : 10
2021-04-08 09:44:05,450 [INFO] MainUpdater:249 - Updater Check For Update Now.
2021-04-08 09:44:05,451 [INFO] MicroXplorer:415 - Change Database Version : DB.6.0.10
2021-04-08 09:44:05,479 [INFO] CheckServerUpdateThread:102 - End of CheckServer Thread
2021-04-08 09:44:05,559 [INFO] MainUpdater:2644 - connection check result : 10
2021-04-08 09:44:05,854 [INFO] CrossSelectorPresenter:1330 - Cross Selector saved comparison directory: C:\Users\supha\.stmcufinder\plugins\mcufinder\mcu\cs_comparisons_mx
2021-04-08 09:44:05,859 [INFO] MultiScanPanel:198 - Auto-refresh data requested => check proxy status ongoing
2021-04-08 09:44:05,862 [INFO] FinderPluginLoader:87 - Searching for filters in installed packs
2021-04-08 09:44:05,863 [INFO] DbMcusXml:97 - Load MCU database from C:\ST\STM32CubeIDE_1.5.1\STM32CubeIDE\plugins\com.st.stm32cube.common.mx_6.1.1.202012091304\\db\/mcu/families.xml
2021-04-08 09:44:06,361 [INFO] DbMcusJson:92 - JSON generation date=Mon Feb 08 20:35:07 ICT 2021 (1612791307)
2021-04-08 09:44:06,989 [INFO] DbMcus:176 - Found 1835 MCUs (1796 are supported by CubeMX, 1804 are visible in CubeMX)
2021-04-08 09:44:06,990 [INFO] ApiDb:238 - Load user favorites file C:\Users\supha/.stm32cubeide/favorites.mcus.txt: 0 item(s)
2021-04-08 09:44:06,991 [INFO] ApiDb:242 - User favorites MCUs=[]
2021-04-08 09:44:06,991 [INFO] DbMcus:188 - Set 0 / 0 favorites MCUs
2021-04-08 09:44:07,382 [WARN] DetailPanel:347 - Failed to get advertising image, set to default
2021-04-08 09:44:07,604 [INFO] McuFilterPanel:245 - Update 0 favorites MCUs
2021-04-08 09:44:07,661 [INFO] DbBoardsPdsc:91 - Found 24 items
2021-04-08 09:44:07,663 [INFO] DbBoardsPdsc:91 - Found 9 items
2021-04-08 09:44:07,665 [INFO] DbBoardsPdsc:91 - Found 32 items
2021-04-08 09:44:07,667 [INFO] DbBoardsPdsc:91 - Found 1 items
2021-04-08 09:44:07,672 [INFO] DbBoardsPdsc:91 - Found 45 items
2021-04-08 09:44:07,677 [INFO] DbBoardsPdsc:91 - Found 41 items
2021-04-08 09:44:07,678 [INFO] DbBoardsPdsc:91 - Found 2 items
2021-04-08 09:44:07,680 [INFO] DbBoardsPdsc:91 - Found 4 items
2021-04-08 09:44:07,684 [WARN] DbBoardsPdsc:255 - Board STM32H7B3I-DK: unknown feature type=Audio, name=, username=Audio stereo codec with Headphone Amp (CS42L51-CNZ), n=1
2021-04-08 09:44:07,685 [WARN] DbBoardsPdsc:255 - Board STM32H735G-DK: unknown feature type=Audio, name=, username=Audio stereo codec with Headphone Amp (WM8994ECS/R), n=1
2021-04-08 09:44:07,686 [WARN] DbBoardsPdsc:255 - Board STM32H7B3I-EVAL: unknown feature type=Audio, name=, username=Multi-Channel Audio Codec (CS42L51-CNZ), n=1
2021-04-08 09:44:07,687 [WARN] DbBoardsPdsc:255 - Board STM32H7B3I-EVAL: unknown feature type=Meter, name=, username=Power-metering and Temperature-monitoring with sigma-delta modulators, n=1
2021-04-08 09:44:07,687 [WARN] DbBoardsPdsc:255 - Board STM32H7B3I-EVAL: unknown feature type=Motor, name=, username=Motor Control, n=1
2021-04-08 09:44:07,707 [INFO] DbBoardsJson:85 - JSON generation date=Thu Feb 04 23:53:45 ICT 2021 (1612457625)
2021-04-08 09:44:07,712 [INFO] DbBoards:118 - Found 160 boards (155 are supported by CubeMX)
2021-04-08 09:44:07,720 [INFO] DbBoardsDocs:145 - JSON generation date=Mon Feb 08 20:35:07 ICT 2021 (1612791307)
2021-04-08 09:44:07,740 [INFO] DbBoardsDocs:81 - Found 193 boards documents
2021-04-08 09:44:07,740 [WARN] DbBoards:128 - board B-L462E-CELL1 has no document id list !
2021-04-08 09:44:07,741 [WARN] DbBoards:128 - board B-L475E-IOT01A2 has no document id list !
2021-04-08 09:44:07,741 [WARN] DbBoards:128 - board NUCLEO-G0B1RE has no document id list !
2021-04-08 09:44:07,741 [WARN] DbBoards:128 - board NUCLEO-H743ZI2 has no document id list !
2021-04-08 09:44:07,742 [WARN] DbBoards:128 - board NUCLEO-L4A6ZG has no document id list !
2021-04-08 09:44:07,742 [WARN] DbBoards:128 - board NUCLEO-WB55RG has no document id list !
2021-04-08 09:44:07,742 [WARN] DbBoards:128 - board NUCLEO-WL55JC1 has no document id list !
2021-04-08 09:44:07,742 [WARN] DbBoards:128 - board NUCLEO-WL55JC2 has no document id list !
2021-04-08 09:44:07,742 [WARN] DbBoards:128 - board P-NUCLEO-WB55-Nucleo has no document id list !
2021-04-08 09:44:07,742 [WARN] DbBoards:128 - board P-NUCLEO-WB55-USBDongle has no document id list !
2021-04-08 09:44:07,742 [WARN] DbBoards:128 - board STEVAL-BFA001V1B has no document id list !
2021-04-08 09:44:07,742 [WARN] DbBoards:128 - board STEVAL-BFA001V2B has no document id list !
2021-04-08 09:44:07,742 [WARN] DbBoards:128 - board STEVAL-IDP005V1 has no document id list !
2021-04-08 09:44:07,743 [WARN] DbBoards:128 - board STEVAL-IDP005V2 has no document id list !
2021-04-08 09:44:07,743 [WARN] DbBoards:128 - board STEVAL-MKSBOX1V1 has no document id list !
2021-04-08 09:44:07,743 [WARN] DbBoards:128 - board STEVAL-STWINKT1 has no document id list !
2021-04-08 09:44:07,743 [WARN] DbBoards:128 - board STEVAL-STWINKT1B has no document id list !
2021-04-08 09:44:07,743 [WARN] DbBoards:128 - board STM32F401C-DISCO has no document id list !
2021-04-08 09:44:07,743 [WARN] DbBoards:128 - board STM32F769I-DISC1 has no document id list !
2021-04-08 09:44:07,744 [WARN] DbBoards:128 - board STM32G0C1E-EV has no document id list !
2021-04-08 09:44:07,744 [WARN] DbBoards:128 - board STM32G474E-EVAL1 has no document id list !
2021-04-08 09:44:07,744 [WARN] DbBoards:128 - board STM32H743I-EVAL2 has no document id list !
2021-04-08 09:44:07,744 [WARN] DbBoards:128 - board STM32H747I-DISC1 has no document id list !
2021-04-08 09:44:07,744 [WARN] DbBoards:128 - board STM32H753I-EVAL2 has no document id list !
2021-04-08 09:44:07,744 [WARN] DbBoards:128 - board STM32L-DISCOVERY has no document id list !
2021-04-08 09:44:07,745 [WARN] DbBoards:128 - board STM32MP157A-DK1 has no document id list !
2021-04-08 09:44:07,745 [WARN] DbBoards:128 - board STM32MP157F-DK2 has no document id list !
2021-04-08 09:44:07,745 [WARN] DbBoards:128 - board STM32MP157F-EV1 has no document id list !
2021-04-08 09:44:08,091 [ERROR] DbBoards:190 - Image file not found for board NUCLEO-WL55JC: C:\ST\STM32CubeIDE_1.5.1\STM32CubeIDE\plugins\com.st.stm32cube.common.mx_6.1.1.202012091304\\db\/plugins/mcufinder/images/boards/nucleo-wl55jc-small.jpg
2021-04-08 09:44:08,265 [ERROR] DbBoards:190 - Image file not found for board STEVAL-STWINKT1B: C:\ST\STM32CubeIDE_1.5.1\STM32CubeIDE\plugins\com.st.stm32cube.common.mx_6.1.1.202012091304\\db\/plugins/mcufinder/images/boards/steval-stwinkt1b_small.jpg
2021-04-08 09:44:08,652 [ERROR] DbBoards:190 - Image file not found for board STM32H7B3I-EVAL: C:\ST\STM32CubeIDE_1.5.1\STM32CubeIDE\plugins\com.st.stm32cube.common.mx_6.1.1.202012091304\\db\/plugins/mcufinder/images/boards/stm32h7b3ieval_small.jpg
2021-04-08 09:44:08,872 [INFO] ApiDb:238 - Load user favorites file C:\Users\supha/.stm32cubeide/favorites.boards.txt: 0 item(s)
2021-04-08 09:44:08,873 [INFO] ApiDb:242 - User favorites Boards=[]
2021-04-08 09:44:08,873 [INFO] DbBoards:207 - Set 0 / 0 favorites Boards
2021-04-08 09:46:22,553 [INFO] Activator:170 - 


2021-04-08 09:46:22,555 [INFO] Activator:171 - !SESSION log4j initialized
